<?xml version="1.0" encoding="UTF-8"?>
<!-- Generated by org.testng.reporters.JUnitXMLReporter -->
<testsuite ignored="3" hostname="MacBookPro.attlocal.net" failures="0" tests="2" name="Test" time="0.018" errors="0" timestamp="2024-09-09T14:29:23 CDT">
  <testcase classname="com.testng.training.NewTest2" name="test1" time="0.003"/>
  <testcase classname="com.testng.training.NewTest1" name="test" time="0.001"/>
  <testcase classname="com.testng.training.NewTest3" name="@AfterSuite Aftersuite" time="0.0">
    <ignored/>
  </testcase> <!-- @AfterSuite Aftersuite -->
  <testcase classname="com.testng.training.NewTest3" name="@BeforeTest Beforetest" time="0.0">
    <ignored/>
  </testcase> <!-- @BeforeTest Beforetest -->
  <testcase classname="com.testng.training.NewTest3" name="@BeforeSuite Beforesuite" time="0.0">
    <ignored/>
  </testcase> <!-- @BeforeSuite Beforesuite -->
</testsuite> <!-- Test -->
